# JRE version: Java(TM) SE Runtime Environment (22.0+36) (build 22+36-2370)
# Java VM: Java HotSpot(TM) 64-Bit Server VM (22+36-2370, mixed mode, sharing, tiered, compressed oops, compressed class ptrs, g1 gc, bsd-aarch64)
GC Precious Log:
 CardTable entry size: 512
 Card Set container configuration: InlinePtr #cards 4 size 8 Array Of Cards #cards 16 size 48 Howl #buckets 8 coarsen threshold 3686 Howl Bitmap #cards 512 size 80 coarsen threshold 460 Card regions per heap region 1 cards per card region 4096
 CPUs: 10 total, 10 available
 Memory: 16384M
 Large Page Support: Disabled
 NUMA Support: Disabled
 Compressed Oops: Enabled (Zero based)
 Heap Region Size: 2M
 Heap Min Capacity: 8M
 Heap Initial Capacity: 256M
 Heap Max Capacity: 4G
 Pre-touch: Disabled
 Parallel Workers: 9
 Concurrent Workers: 2
 Concurrent Refinement Workers: 9
 Periodic GC: Disabled
Heap:
 garbage-first heap   total reserved 4194304K, committed 219136K, used 73550K [0x0000000700000000, 0x0000000800000000)
  region size 2048K, 4 young (8192K), 1 survivors (2048K)
 Metaspace       used 30512K, committed 31104K, reserved 1114112K
  class space    used 3833K, committed 4096K, reserved 1048576K
GC Heap History (20 events):
Event: 48.606 GC heap before
{Heap before GC invocations=92 (full 0):
 garbage-first heap   total reserved 4194304K, committed 219136K, used 100075K [0x0000000700000000, 0x0000000800000000)
  region size 2048K, 6 young (12288K), 1 survivors (2048K)
 Metaspace       used 30473K, committed 31040K, reserved 1114112K
  class space    used 3833K, committed 4096K, reserved 1048576K
}
Event: 48.607 GC heap after
{Heap after GC invocations=93 (full 0):
 garbage-first heap   total reserved 4194304K, committed 219136K, used 40608K [0x0000000700000000, 0x0000000800000000)
  region size 2048K, 1 young (2048K), 1 survivors (2048K)
 Metaspace       used 30473K, committed 31040K, reserved 1114112K
  class space    used 3833K, committed 4096K, reserved 1048576K
}
Event: 48.698 GC heap before
{Heap before GC invocations=93 (full 0):
 garbage-first heap   total reserved 4194304K, committed 219136K, used 97952K [0x0000000700000000, 0x0000000800000000)
  region size 2048K, 5 young (10240K), 1 survivors (2048K)
 Metaspace       used 30474K, committed 31040K, reserved 1114112K
  class space    used 3833K, committed 4096K, reserved 1048576K
}
Event: 48.699 GC heap after
{Heap after GC invocations=94 (full 0):
 garbage-first heap   total reserved 4194304K, committed 219136K, used 40601K [0x0000000700000000, 0x0000000800000000)
  region size 2048K, 1 young (2048K), 1 survivors (2048K)
 Metaspace       used 30474K, committed 31040K, reserved 1114112K
  class space    used 3833K, committed 4096K, reserved 1048576K
}
Event: 48.791 GC heap before
{Heap before GC invocations=94 (full 0):
 garbage-first heap   total reserved 4194304K, committed 219136K, used 99993K [0x0000000700000000, 0x0000000800000000)
  region size 2048K, 5 young (10240K), 1 survivors (2048K)
 Metaspace       used 30474K, committed 31040K, reserved 1114112K
  class space    used 3833K, committed 4096K, reserved 1048576K
}
Event: 48.791 GC heap after
{Heap after GC invocations=95 (full 0):
 garbage-first heap   total reserved 4194304K, committed 219136K, used 40591K [0x0000000700000000, 0x0000000800000000)
  region size 2048K, 1 young (2048K), 1 survivors (2048K)
 Metaspace       used 30474K, committed 31040K, reserved 1114112K
  class space    used 3833K, committed 4096K, reserved 1048576K
}
Event: 48.885 GC heap before
{Heap before GC invocations=95 (full 0):
 garbage-first heap   total reserved 4194304K, committed 219136K, used 97935K [0x0000000700000000, 0x0000000800000000)
  region size 2048K, 5 young (10240K), 1 survivors (2048K)
 Metaspace       used 30477K, committed 31040K, reserved 1114112K
  class space    used 3833K, committed 4096K, reserved 1048576K
}
Event: 48.885 GC heap after
{Heap after GC invocations=96 (full 0):
 garbage-first heap   total reserved 4194304K, committed 219136K, used 40619K [0x0000000700000000, 0x0000000800000000)
  region size 2048K, 1 young (2048K), 1 survivors (2048K)
 Metaspace       used 30477K, committed 31040K, reserved 1114112K
  class space    used 3833K, committed 4096K, reserved 1048576K
}
Event: 48.973 GC heap before
{Heap before GC invocations=96 (full 0):
 garbage-first heap   total reserved 4194304K, committed 219136K, used 97963K [0x0000000700000000, 0x0000000800000000)
  region size 2048K, 5 young (10240K), 1 survivors (2048K)
 Metaspace       used 30477K, committed 31040K, reserved 1114112K
  class space    used 3833K, committed 4096K, reserved 1048576K
}
Event: 48.973 GC heap after
{Heap after GC invocations=97 (full 0):
 garbage-first heap   total reserved 4194304K, committed 219136K, used 40616K [0x0000000700000000, 0x0000000800000000)
  region size 2048K, 1 young (2048K), 1 survivors (2048K)
 Metaspace       used 30477K, committed 31040K, reserved 1114112K
  class space    used 3833K, committed 4096K, reserved 1048576K
}
Event: 49.057 GC heap before
{Heap before GC invocations=97 (full 0):
 garbage-first heap   total reserved 4194304K, committed 219136K, used 97960K [0x0000000700000000, 0x0000000800000000)
  region size 2048K, 5 young (10240K), 1 survivors (2048K)
 Metaspace       used 30477K, committed 31040K, reserved 1114112K
  class space    used 3833K, committed 4096K, reserved 1048576K
}
Event: 49.058 GC heap after
{Heap after GC invocations=98 (full 0):
 garbage-first heap   total reserved 4194304K, committed 219136K, used 40619K [0x0000000700000000, 0x0000000800000000)
  region size 2048K, 1 young (2048K), 1 survivors (2048K)
 Metaspace       used 30477K, committed 31040K, reserved 1114112K
  class space    used 3833K, committed 4096K, reserved 1048576K
}
Event: 49.157 GC heap before
{Heap before GC invocations=98 (full 0):
 garbage-first heap   total reserved 4194304K, committed 219136K, used 97963K [0x0000000700000000, 0x0000000800000000)
  region size 2048K, 5 young (10240K), 1 survivors (2048K)
 Metaspace       used 30481K, committed 31040K, reserved 1114112K
  class space    used 3833K, committed 4096K, reserved 1048576K
}
Event: 49.157 GC heap after
{Heap after GC invocations=99 (full 0):
 garbage-first heap   total reserved 4194304K, committed 219136K, used 40799K [0x0000000700000000, 0x0000000800000000)
  region size 2048K, 1 young (2048K), 1 survivors (2048K)
 Metaspace       used 30481K, committed 31040K, reserved 1114112K
  class space    used 3833K, committed 4096K, reserved 1048576K
}
Event: 49.253 GC heap before
{Heap before GC invocations=99 (full 0):
 garbage-first heap   total reserved 4194304K, committed 219136K, used 98143K [0x0000000700000000, 0x0000000800000000)
  region size 2048K, 5 young (10240K), 1 survivors (2048K)
 Metaspace       used 30481K, committed 31040K, reserved 1114112K
  class space    used 3833K, committed 4096K, reserved 1048576K
}
Event: 49.254 GC heap after
{Heap after GC invocations=100 (full 0):
 garbage-first heap   total reserved 4194304K, committed 219136K, used 40664K [0x0000000700000000, 0x0000000800000000)
  region size 2048K, 1 young (2048K), 1 survivors (2048K)
 Metaspace       used 30481K, committed 31040K, reserved 1114112K
  class space    used 3833K, committed 4096K, reserved 1048576K
}
Event: 49.348 GC heap before
{Heap before GC invocations=100 (full 0):
 garbage-first heap   total reserved 4194304K, committed 219136K, used 100056K [0x0000000700000000, 0x0000000800000000)
  region size 2048K, 5 young (10240K), 1 survivors (2048K)
 Metaspace       used 30481K, committed 31040K, reserved 1114112K
  class space    used 3833K, committed 4096K, reserved 1048576K
}
Event: 49.349 GC heap after
{Heap after GC invocations=101 (full 0):
 garbage-first heap   total reserved 4194304K, committed 219136K, used 40617K [0x0000000700000000, 0x0000000800000000)
  region size 2048K, 1 young (2048K), 1 survivors (2048K)
 Metaspace       used 30481K, committed 31040K, reserved 1114112K
  class space    used 3833K, committed 4096K, reserved 1048576K
}
Event: 49.433 GC heap before
{Heap before GC invocations=101 (full 0):
 garbage-first heap   total reserved 4194304K, committed 219136K, used 97961K [0x0000000700000000, 0x0000000800000000)
  region size 2048K, 5 young (10240K), 1 survivors (2048K)
 Metaspace       used 30481K, committed 31040K, reserved 1114112K
  class space    used 3833K, committed 4096K, reserved 1048576K
}
Event: 49.433 GC heap after
{Heap after GC invocations=102 (full 0):
 garbage-first heap   total reserved 4194304K, committed 219136K, used 40782K [0x0000000700000000, 0x0000000800000000)
  region size 2048K, 1 young (2048K), 1 survivors (2048K)
 Metaspace       used 30481K, committed 31040K, reserved 1114112K
  class space    used 3833K, committed 4096K, reserved 1048576K
}

